<?xml version="1.0" encoding="UTF-8"?>
<!-- Generated by org.testng.reporters.JUnitReportReporter -->
<testsuite hostname="DESKTOP-OUM13QP" failures="0" tests="1" name="sample.eazydiner.aboutusTest" time="10.853" errors="0" timestamp="2021-11-20T15:43:28 IST" skipped="0">
  <testcase classname="sample.eazydiner.aboutusTest" name="test2" time="10.853"/>
  <system-out/>
</testsuite> <!-- sample.eazydiner.aboutusTest -->
