<?xml version="1.0" encoding="UTF-8"?>
<!-- Generated by org.testng.reporters.JUnitReportReporter -->
<testsuite hostname="DESKTOP-OUM13QP" failures="0" tests="1" name="sample.eazydiner.helpTest" time="9.240" errors="0" timestamp="2021-11-20T15:43:28 IST" skipped="0">
  <testcase classname="sample.eazydiner.helpTest" name="test1" time="9.240"/>
  <system-out/>
</testsuite> <!-- sample.eazydiner.helpTest -->
